<?xml version="1.0" encoding="UTF-8"?>
<!-- Generated by org.testng.reporters.JUnitReportReporter -->
<testsuite skipped="0" hostname="DESKTOP-DDCEQUV" name="com.inetBankingTestcases.TC_LoginTest_001" tests="1" failures="0" timestamp="23 Jul 2022 07:53:45 GMT" time="33.449" errors="0">
  <testcase name="loginTest" time="33.449" classname="com.inetBankingTestcases.TC_LoginTest_001"/>
</testsuite> <!-- com.inetBankingTestcases.TC_LoginTest_001 -->
